<?xml version="1.0" encoding="UTF-8"?>
<testng-results ignored="0" total="2" passed="2" failed="0" skipped="0">
  <reporter-output>
  </reporter-output>
  <suite started-at="2022-07-07T00:21:26 IST" name="All Test Suite" finished-at="2022-07-07T00:21:37 IST" duration-ms="10763">
    <groups>
      <group name="cucumber">
        <method signature="AbstractTestNGCucumberTests.runScenario(io.cucumber.testng.PickleWrapper,io.cucumber.testng.FeatureWrapper)[pri:0, instance:runners.SmokeRunner@1da2cb77]" name="runScenario" class="io.cucumber.testng.AbstractTestNGCucumberTests"/>
      </group> <!-- cucumber -->
    </groups>
    <test started-at="2022-07-07T00:21:26 IST" name="CucumberRunner" finished-at="2022-07-07T00:21:37 IST" duration-ms="10763">
      <class name="runners.SmokeRunner">
        <test-method is-config="true" signature="setUpClass(org.testng.ITestContext)[pri:0, instance:runners.SmokeRunner@1da2cb77]" started-at="2022-07-07T00:21:26 IST" name="setUpClass" finished-at="2022-07-07T00:21:27 IST" duration-ms="587" status="PASS">
          <params>
            <param index="0">
              <value>
                <![CDATA[org.testng.TestRunner@2cd2c8fe]]>
              </value>
            </param>
          </params>
          <reporter-output>
          </reporter-output>
        </test-method> <!-- setUpClass -->
        <test-method signature="runScenario(io.cucumber.testng.PickleWrapper,io.cucumber.testng.FeatureWrapper)[pri:0, instance:runners.SmokeRunner@1da2cb77]" started-at="2022-07-07T00:21:27 IST" name="runScenario" description="Runs Cucumber Scenarios" data-provider="scenarios" finished-at="2022-07-07T00:21:37 IST" duration-ms="10033" status="PASS">
          <params>
            <param index="0">
              <value>
                <![CDATA["Login to app"]]>
              </value>
            </param>
            <param index="1">
              <value>
                <![CDATA["Home functionality"]]>
              </value>
            </param>
          </params>
          <reporter-output>
          </reporter-output>
        </test-method> <!-- runScenario -->
        <test-method signature="runScenario(io.cucumber.testng.PickleWrapper,io.cucumber.testng.FeatureWrapper)[pri:0, instance:runners.SmokeRunner@1da2cb77]" started-at="2022-07-07T00:21:27 IST" name="runScenario" description="Runs Cucumber Scenarios" data-provider="scenarios" finished-at="2022-07-07T00:21:36 IST" duration-ms="8852" status="PASS">
          <params>
            <param index="0">
              <value>
                <![CDATA["Login to app"]]>
              </value>
            </param>
            <param index="1">
              <value>
                <![CDATA["Login functionality"]]>
              </value>
            </param>
          </params>
          <reporter-output>
          </reporter-output>
        </test-method> <!-- runScenario -->
        <test-method is-config="true" signature="tearDownClass()[pri:0, instance:runners.SmokeRunner@1da2cb77]" started-at="2022-07-07T00:21:37 IST" name="tearDownClass" finished-at="2022-07-07T00:21:37 IST" duration-ms="56" status="PASS">
          <reporter-output>
          </reporter-output>
        </test-method> <!-- tearDownClass -->
      </class> <!-- runners.SmokeRunner -->
    </test> <!-- CucumberRunner -->
  </suite> <!-- All Test Suite -->
</testng-results>
